\BOOKMARK [0][-]{dedication.0}{Dedicat\363ria}{}% 1
\BOOKMARK [0][-]{acknowledgements.0}{Agradecimentos}{}% 2
\BOOKMARK [0][-]{resumo.0}{Resumo}{}% 3
\BOOKMARK [0][-]{abstract.0}{Abstract}{}% 4
\BOOKMARK [0][-]{chapter.1}{Introdu\347\343o}{}% 5
\BOOKMARK [1][-]{section.1.1}{Biometria}{chapter.1}% 6
\BOOKMARK [2][-]{subsection.1.1.1}{Caracter\355sticas de tra\347os biom\351tricos}{section.1.1}% 7
\BOOKMARK [1][-]{section.1.2}{Impress\343o Digital}{chapter.1}% 8
\BOOKMARK [1][-]{section.1.3}{Sistemas Biom\351tricos}{chapter.1}% 9
\BOOKMARK [2][-]{subsection.1.3.1}{Protocolos de autentica\347\343o}{section.1.3}% 10
\BOOKMARK [2][-]{subsection.1.3.2}{Agente supervisor}{section.1.3}% 11
\BOOKMARK [2][-]{subsection.1.3.3}{Aquisi\347\343o por deslize}{section.1.3}% 12
\BOOKMARK [2][-]{subsection.1.3.4}{Aquisi\347\343o baseada em toque}{section.1.3}% 13
\BOOKMARK [2][-]{subsection.1.3.5}{Aquisi\347\343o sem toque}{section.1.3}% 14
\BOOKMARK [0][-]{chapter.2}{Spoofing}{}% 15
\BOOKMARK [1][-]{section.2.1}{Spoofing - Motiva\347\343o/justificativa do projeto}{chapter.2}% 16
\BOOKMARK [1][-]{section.2.2}{M\351tricas}{chapter.2}% 17
\BOOKMARK [0][-]{chapter.3}{T\351cnicas e Manipula\347\343o de Imagens}{}% 18
\BOOKMARK [0][-]{chapter.4}{Introdu\347\343o}{}% 19
\BOOKMARK [1][-]{section.4.1}{Trabalho de Conclus\343o de Curso}{chapter.4}% 20
\BOOKMARK [1][-]{section.4.2}{Metodologia Cient\355fica}{chapter.4}% 21
\BOOKMARK [2][-]{subsection.4.2.1}{Veja Tamb\351m}{section.4.2}% 22
\BOOKMARK [1][-]{section.4.3}{LaTeX}{chapter.4}% 23
\BOOKMARK [2][-]{subsection.4.3.1}{Veja Tamb\351m}{section.4.3}% 24
\BOOKMARK [1][-]{section.4.4}{Pl\341gio}{chapter.4}% 25
\BOOKMARK [2][-]{subsection.4.4.1}{Veja Tamb\351m}{section.4.4}% 26
\BOOKMARK [0][-]{chapter.5}{A Classe UnB-CIC}{}% 27
\BOOKMARK [1][-]{section.5.1}{Gerando o PDF}{chapter.5}% 28
\BOOKMARK [1][-]{section.5.2}{Op\347\365es}{chapter.5}% 29
\BOOKMARK [1][-]{section.5.3}{Informa\347\365es do Trabalho}{chapter.5}% 30
\BOOKMARK [1][-]{section.5.4}{Arquivos}{chapter.5}% 31
\BOOKMARK [1][-]{section.5.5}{Documento}{chapter.5}% 32
\BOOKMARK [2][-]{subsection.5.5.1}{Cap\355tulos}{section.5.5}% 33
\BOOKMARK [2][-]{subsection.5.5.2}{Figuras}{section.5.5}% 34
\BOOKMARK [2][-]{subsection.5.5.3}{Equa\347\365es}{section.5.5}% 35
\BOOKMARK [2][-]{subsection.5.5.4}{Tabelas}{section.5.5}% 36
\BOOKMARK [2][-]{subsection.5.5.5}{Abreviaturas e Siglas}{section.5.5}% 37
\BOOKMARK [0][-]{chapter.6}{Trabalho de Conclus\343o de Curso}{}% 38
\BOOKMARK [1][-]{section.6.1}{UnB}{chapter.6}% 39
\BOOKMARK [2][-]{subsection.6.1.1}{Os tipos}{section.6.1}% 40
\BOOKMARK [2][-]{subsection.6.1.2}{Teoria e pr\341tica}{section.6.1}% 41
\BOOKMARK [2][-]{subsection.6.1.3}{Come\347o do projeto}{section.6.1}% 42
\BOOKMARK [2][-]{subsection.6.1.4}{Estrutura e regras}{section.6.1}% 43
\BOOKMARK [2][-]{subsection.6.1.5}{O projeto est\341 pronto. E agora?}{section.6.1}% 44
\BOOKMARK [0][-]{chapter.7}{Apresenta\347\365es}{}% 45
\BOOKMARK [1][-]{section.7.1}{Falando em P\372blico}{chapter.7}% 46
\BOOKMARK [1][-]{section.7.2}{BEAMER}{chapter.7}% 47
\BOOKMARK [0][-]{section*.13}{Refer\352ncias}{}% 48
\BOOKMARK [0][-]{chapter*.14}{Ap\352ndice}{}% 49
\BOOKMARK [0][-]{appendix.A}{Fichamento de Artigo Cient\355fico}{}% 50
\BOOKMARK [0][-]{appendix.A}{Anexo}{}% 51
\BOOKMARK [0][-]{appendix.B}{Documenta\347\343o Original UnB-CIC \(parcial\)}{}% 52
